ERROR - 2023-05-06 00:07:54 --> mysqli_sql_exception: Failed to open the referenced table 'id' in /app/myapp/system/Database/MySQLi/Connection.php:295
Stack trace:
#0 /app/myapp/system/Database/MySQLi/Connection.php(295): mysqli->query()
#1 /app/myapp/system/Database/BaseConnection.php(692): CodeIgniter\Database\MySQLi\Connection->execute()
#2 /app/myapp/system/Database/BaseConnection.php(606): CodeIgniter\Database\BaseConnection->simpleQuery()
#3 /app/myapp/system/Database/Forge.php(546): CodeIgniter\Database\BaseConnection->query()
#4 /app/myapp/app/Database/Migrations/2023-05-06-000729_UserServer.php(38): CodeIgniter\Database\Forge->createTable()
#5 /app/myapp/system/Database/MigrationRunner.php(877): App\Database\Migrations\UserServer->up()
#6 /app/myapp/system/Database/MigrationRunner.php(188): CodeIgniter\Database\MigrationRunner->migrate()
#7 /app/myapp/system/Commands/Database/Migrate.php(84): CodeIgniter\Database\MigrationRunner->latest()
#8 /app/myapp/system/CLI/Commands.php(65): CodeIgniter\Commands\Database\Migrate->run()
#9 /app/myapp/system/CLI/Console.php(37): CodeIgniter\CLI\Commands->run()
#10 /app/myapp/spark(97): CodeIgniter\CLI\Console->run()
#11 {main}
ERROR - 2023-05-06 00:24:19 --> mysqli_sql_exception: Failed to open the referenced table 'id' in /app/myapp/system/Database/MySQLi/Connection.php:295
Stack trace:
#0 /app/myapp/system/Database/MySQLi/Connection.php(295): mysqli->query()
#1 /app/myapp/system/Database/BaseConnection.php(692): CodeIgniter\Database\MySQLi\Connection->execute()
#2 /app/myapp/system/Database/BaseConnection.php(606): CodeIgniter\Database\BaseConnection->simpleQuery()
#3 /app/myapp/system/Database/Forge.php(546): CodeIgniter\Database\BaseConnection->query()
#4 /app/myapp/app/Database/Migrations/2023-05-06-000729_UserServer.php(38): CodeIgniter\Database\Forge->createTable()
#5 /app/myapp/system/Database/MigrationRunner.php(877): App\Database\Migrations\UserServer->up()
#6 /app/myapp/system/Database/MigrationRunner.php(188): CodeIgniter\Database\MigrationRunner->migrate()
#7 /app/myapp/system/Commands/Database/Migrate.php(84): CodeIgniter\Database\MigrationRunner->latest()
#8 /app/myapp/system/CLI/Commands.php(65): CodeIgniter\Commands\Database\Migrate->run()
#9 /app/myapp/system/CLI/Console.php(37): CodeIgniter\CLI\Commands->run()
#10 /app/myapp/spark(97): CodeIgniter\CLI\Console->run()
#11 {main}
ERROR - 2023-05-06 00:27:22 --> mysqli_sql_exception: Failed to open the referenced table 'id' in /app/myapp/system/Database/MySQLi/Connection.php:295
Stack trace:
#0 /app/myapp/system/Database/MySQLi/Connection.php(295): mysqli->query()
#1 /app/myapp/system/Database/BaseConnection.php(692): CodeIgniter\Database\MySQLi\Connection->execute()
#2 /app/myapp/system/Database/BaseConnection.php(606): CodeIgniter\Database\BaseConnection->simpleQuery()
#3 /app/myapp/system/Database/Forge.php(546): CodeIgniter\Database\BaseConnection->query()
#4 /app/myapp/app/Database/Migrations/2023-05-06-000729_UserServer.php(38): CodeIgniter\Database\Forge->createTable()
#5 /app/myapp/system/Database/MigrationRunner.php(877): App\Database\Migrations\UserServer->up()
#6 /app/myapp/system/Database/MigrationRunner.php(188): CodeIgniter\Database\MigrationRunner->migrate()
#7 /app/myapp/system/Commands/Database/Migrate.php(84): CodeIgniter\Database\MigrationRunner->latest()
#8 /app/myapp/system/CLI/Commands.php(65): CodeIgniter\Commands\Database\Migrate->run()
#9 /app/myapp/system/CLI/Console.php(37): CodeIgniter\CLI\Commands->run()
#10 /app/myapp/spark(97): CodeIgniter\CLI\Console->run()
#11 {main}
ERROR - 2023-05-06 00:29:26 --> mysqli_sql_exception: Failed to open the referenced table 'id' in /app/myapp/system/Database/MySQLi/Connection.php:295
Stack trace:
#0 /app/myapp/system/Database/MySQLi/Connection.php(295): mysqli->query()
#1 /app/myapp/system/Database/BaseConnection.php(692): CodeIgniter\Database\MySQLi\Connection->execute()
#2 /app/myapp/system/Database/BaseConnection.php(606): CodeIgniter\Database\BaseConnection->simpleQuery()
#3 /app/myapp/system/Database/Forge.php(546): CodeIgniter\Database\BaseConnection->query()
#4 /app/myapp/app/Database/Migrations/2023-05-06-000729_UserServer.php(38): CodeIgniter\Database\Forge->createTable()
#5 /app/myapp/system/Database/MigrationRunner.php(877): App\Database\Migrations\UserServer->up()
#6 /app/myapp/system/Database/MigrationRunner.php(188): CodeIgniter\Database\MigrationRunner->migrate()
#7 /app/myapp/system/Commands/Database/Migrate.php(84): CodeIgniter\Database\MigrationRunner->latest()
#8 /app/myapp/system/CLI/Commands.php(65): CodeIgniter\Commands\Database\Migrate->run()
#9 /app/myapp/system/CLI/Console.php(37): CodeIgniter\CLI\Commands->run()
#10 /app/myapp/spark(97): CodeIgniter\CLI\Console->run()
#11 {main}
ERROR - 2023-05-06 00:30:27 --> mysqli_sql_exception: Failed to open the referenced table 'id' in /app/myapp/system/Database/MySQLi/Connection.php:295
Stack trace:
#0 /app/myapp/system/Database/MySQLi/Connection.php(295): mysqli->query()
#1 /app/myapp/system/Database/BaseConnection.php(692): CodeIgniter\Database\MySQLi\Connection->execute()
#2 /app/myapp/system/Database/BaseConnection.php(606): CodeIgniter\Database\BaseConnection->simpleQuery()
#3 /app/myapp/system/Database/Forge.php(546): CodeIgniter\Database\BaseConnection->query()
#4 /app/myapp/app/Database/Migrations/2023-05-06-000729_UserServer.php(38): CodeIgniter\Database\Forge->createTable()
#5 /app/myapp/system/Database/MigrationRunner.php(877): App\Database\Migrations\UserServer->up()
#6 /app/myapp/system/Database/MigrationRunner.php(188): CodeIgniter\Database\MigrationRunner->migrate()
#7 /app/myapp/system/Commands/Database/Migrate.php(84): CodeIgniter\Database\MigrationRunner->latest()
#8 /app/myapp/system/CLI/Commands.php(65): CodeIgniter\Commands\Database\Migrate->run()
#9 /app/myapp/system/CLI/Console.php(37): CodeIgniter\CLI\Commands->run()
#10 /app/myapp/spark(97): CodeIgniter\CLI\Console->run()
#11 {main}
ERROR - 2023-05-06 00:34:46 --> mysqli_sql_exception: Failed to open the referenced table 'id' in /app/myapp/system/Database/MySQLi/Connection.php:295
Stack trace:
#0 /app/myapp/system/Database/MySQLi/Connection.php(295): mysqli->query()
#1 /app/myapp/system/Database/BaseConnection.php(692): CodeIgniter\Database\MySQLi\Connection->execute()
#2 /app/myapp/system/Database/BaseConnection.php(606): CodeIgniter\Database\BaseConnection->simpleQuery()
#3 /app/myapp/system/Database/Forge.php(546): CodeIgniter\Database\BaseConnection->query()
#4 /app/myapp/app/Database/Migrations/2023-05-06-003426_UserServer.php(38): CodeIgniter\Database\Forge->createTable()
#5 /app/myapp/system/Database/MigrationRunner.php(877): App\Database\Migrations\UserServer->up()
#6 /app/myapp/system/Database/MigrationRunner.php(188): CodeIgniter\Database\MigrationRunner->migrate()
#7 /app/myapp/system/Commands/Database/Migrate.php(84): CodeIgniter\Database\MigrationRunner->latest()
#8 /app/myapp/system/CLI/Commands.php(65): CodeIgniter\Commands\Database\Migrate->run()
#9 /app/myapp/system/CLI/Console.php(37): CodeIgniter\CLI\Commands->run()
#10 /app/myapp/spark(97): CodeIgniter\CLI\Console->run()
#11 {main}
ERROR - 2023-05-06 00:37:48 --> mysqli_sql_exception: Failed to open the referenced table 'id' in /app/myapp/system/Database/MySQLi/Connection.php:295
Stack trace:
#0 /app/myapp/system/Database/MySQLi/Connection.php(295): mysqli->query()
#1 /app/myapp/system/Database/BaseConnection.php(692): CodeIgniter\Database\MySQLi\Connection->execute()
#2 /app/myapp/system/Database/BaseConnection.php(606): CodeIgniter\Database\BaseConnection->simpleQuery()
#3 /app/myapp/system/Database/Forge.php(546): CodeIgniter\Database\BaseConnection->query()
#4 /app/myapp/app/Database/Migrations/2023-05-06-003426_UserServer.php(38): CodeIgniter\Database\Forge->createTable()
#5 /app/myapp/system/Database/MigrationRunner.php(877): App\Database\Migrations\UserServer->up()
#6 /app/myapp/system/Database/MigrationRunner.php(188): CodeIgniter\Database\MigrationRunner->migrate()
#7 /app/myapp/system/Commands/Database/Migrate.php(84): CodeIgniter\Database\MigrationRunner->latest()
#8 /app/myapp/system/CLI/Commands.php(65): CodeIgniter\Commands\Database\Migrate->run()
#9 /app/myapp/system/CLI/Console.php(37): CodeIgniter\CLI\Commands->run()
#10 /app/myapp/spark(97): CodeIgniter\CLI\Console->run()
#11 {main}
ERROR - 2023-05-06 00:38:03 --> mysqli_sql_exception: Failed to open the referenced table 'id' in /app/myapp/system/Database/MySQLi/Connection.php:295
Stack trace:
#0 /app/myapp/system/Database/MySQLi/Connection.php(295): mysqli->query()
#1 /app/myapp/system/Database/BaseConnection.php(692): CodeIgniter\Database\MySQLi\Connection->execute()
#2 /app/myapp/system/Database/BaseConnection.php(606): CodeIgniter\Database\BaseConnection->simpleQuery()
#3 /app/myapp/system/Database/Forge.php(546): CodeIgniter\Database\BaseConnection->query()
#4 /app/myapp/app/Database/Migrations/2023-05-06-003426_UserServer.php(38): CodeIgniter\Database\Forge->createTable()
#5 /app/myapp/system/Database/MigrationRunner.php(877): App\Database\Migrations\UserServer->up()
#6 /app/myapp/system/Database/MigrationRunner.php(188): CodeIgniter\Database\MigrationRunner->migrate()
#7 /app/myapp/system/Commands/Database/Migrate.php(84): CodeIgniter\Database\MigrationRunner->latest()
#8 /app/myapp/system/CLI/Commands.php(65): CodeIgniter\Commands\Database\Migrate->run()
#9 /app/myapp/system/CLI/Console.php(37): CodeIgniter\CLI\Commands->run()
#10 /app/myapp/spark(97): CodeIgniter\CLI\Console->run()
#11 {main}
ERROR - 2023-05-06 00:40:47 --> mysqli_sql_exception: REFERENCES command denied to user 'zion'@'192.168.192.3' for table 'discord_server.id' in /app/myapp/system/Database/MySQLi/Connection.php:295
Stack trace:
#0 /app/myapp/system/Database/MySQLi/Connection.php(295): mysqli->query()
#1 /app/myapp/system/Database/BaseConnection.php(692): CodeIgniter\Database\MySQLi\Connection->execute()
#2 /app/myapp/system/Database/BaseConnection.php(606): CodeIgniter\Database\BaseConnection->simpleQuery()
#3 /app/myapp/system/Database/Forge.php(546): CodeIgniter\Database\BaseConnection->query()
#4 /app/myapp/app/Database/Migrations/2023-05-06-003426_UserServer.php(38): CodeIgniter\Database\Forge->createTable()
#5 /app/myapp/system/Database/MigrationRunner.php(877): App\Database\Migrations\UserServer->up()
#6 /app/myapp/system/Database/MigrationRunner.php(188): CodeIgniter\Database\MigrationRunner->migrate()
#7 /app/myapp/system/Commands/Database/Migrate.php(84): CodeIgniter\Database\MigrationRunner->latest()
#8 /app/myapp/system/CLI/Commands.php(65): CodeIgniter\Commands\Database\Migrate->run()
#9 /app/myapp/system/CLI/Console.php(37): CodeIgniter\CLI\Commands->run()
#10 /app/myapp/spark(97): CodeIgniter\CLI\Console->run()
#11 {main}
ERROR - 2023-05-06 01:11:48 --> mysqli_sql_exception: Unknown table 'z-db.discord_server_history' in /app/myapp/system/Database/MySQLi/Connection.php:295
Stack trace:
#0 /app/myapp/system/Database/MySQLi/Connection.php(295): mysqli->query()
#1 /app/myapp/system/Database/BaseConnection.php(692): CodeIgniter\Database\MySQLi\Connection->execute()
#2 /app/myapp/system/Database/BaseConnection.php(606): CodeIgniter\Database\BaseConnection->simpleQuery()
#3 /app/myapp/system/Database/Forge.php(637): CodeIgniter\Database\BaseConnection->query()
#4 /app/myapp/app/Database/Migrations/2023-05-06-005201_DiscordServerHistory.php(35): CodeIgniter\Database\Forge->dropTable()
#5 /app/myapp/system/Database/MigrationRunner.php(877): App\Database\Migrations\DiscordServerHistory->down()
#6 /app/myapp/system/Database/MigrationRunner.php(299): CodeIgniter\Database\MigrationRunner->migrate()
#7 /app/myapp/system/Commands/Database/MigrateRollback.php(92): CodeIgniter\Database\MigrationRunner->regress()
#8 /app/myapp/system/CLI/Commands.php(65): CodeIgniter\Commands\Database\MigrateRollback->run()
#9 /app/myapp/system/CLI/Console.php(37): CodeIgniter\CLI\Commands->run()
#10 /app/myapp/spark(97): CodeIgniter\CLI\Console->run()
#11 {main}
ERROR - 2023-05-06 01:12:13 --> mysqli_sql_exception: Table 'discord_user' already exists in /app/myapp/system/Database/MySQLi/Connection.php:295
Stack trace:
#0 /app/myapp/system/Database/MySQLi/Connection.php(295): mysqli->query()
#1 /app/myapp/system/Database/BaseConnection.php(692): CodeIgniter\Database\MySQLi\Connection->execute()
#2 /app/myapp/system/Database/BaseConnection.php(606): CodeIgniter\Database\BaseConnection->simpleQuery()
#3 /app/myapp/system/Database/Forge.php(546): CodeIgniter\Database\BaseConnection->query()
#4 /app/myapp/app/Database/Migrations/2023-05-06-003227_DiscordUser.php(38): CodeIgniter\Database\Forge->createTable()
#5 /app/myapp/system/Database/MigrationRunner.php(877): App\Database\Migrations\DiscordUser->up()
#6 /app/myapp/system/Database/MigrationRunner.php(188): CodeIgniter\Database\MigrationRunner->migrate()
#7 /app/myapp/system/Commands/Database/Migrate.php(84): CodeIgniter\Database\MigrationRunner->latest()
#8 /app/myapp/system/CLI/Commands.php(65): CodeIgniter\Commands\Database\Migrate->run()
#9 /app/myapp/system/CLI/Console.php(37): CodeIgniter\CLI\Commands->run()
#10 /app/myapp/spark(97): CodeIgniter\CLI\Console->run()
#11 {main}
CRITICAL - 2023-05-06 01:25:10 --> Call to undefined method CodeIgniter\Database\MigrationRunner::version()
in APPPATH/Controllers/UserController.php on line 52.
 1 SYSTEMPATH/CodeIgniter.php(934): App\Controllers\UserController->migrate()
 2 SYSTEMPATH/CodeIgniter.php(499): CodeIgniter\CodeIgniter->runController()
 3 SYSTEMPATH/CodeIgniter.php(368): CodeIgniter\CodeIgniter->handleRequest()
 4 FCPATH/index.php(69): CodeIgniter\CodeIgniter->run()
CRITICAL - 2023-05-06 01:27:05 --> Call to undefined method CodeIgniter\Database\MigrationRunner::rollback()
in APPPATH/Controllers/UserController.php on line 51.
 1 SYSTEMPATH/CodeIgniter.php(934): App\Controllers\UserController->migrate()
 2 SYSTEMPATH/CodeIgniter.php(499): CodeIgniter\CodeIgniter->runController()
 3 SYSTEMPATH/CodeIgniter.php(368): CodeIgniter\CodeIgniter->handleRequest()
 4 FCPATH/index.php(69): CodeIgniter\CodeIgniter->run()
